Frame Comprehensive Test Results - Sat Aug 23 06:46:19 PDT 2025
=============================================
[1] ActionsBlockTest.frm - TRANSPILE FAILED
[2] BasicsCompleteTest.frm - TRANSPILED
[3] BasicsTest.frm - TRANSPILED
[4] DomainBlockTest.frm - TRANSPILE FAILED
[5] DomainTypedTest.frm - TRANSPILED
[6] FullSystemParamsTest.frm - TRANSPILED
[7] HelloWorldSystem.frm - TRANSPILED
[8] LampCompleteTest.frm - TRANSPILE FAILED
[9] MachineDocTest.frm - TRANSPILE FAILED
[10] MainOldReturnTest.frm - TRANSPILED
[11] MainParamsTest.frm - TRANSPILED
[12] MainReturnTest.frm - TRANSPILED
[13] ReturnTest.frm - TRANSPILED
[14] ReturnValueTest.frm - TRANSPILED
[15] SimpleSystemParamsTest.frm - TRANSPILED
[16] SystemBlocksTest.frm - TRANSPILED
[17] SystemParametersTest.frm - TRANSPILED
[18] SystemsTest.frm - TRANSPILED
    VALIDATION PASS: 'NoParameters started'
[19] TestContinue.frm - TRANSPILED
[20] TestHSM.frm - TRANSPILED
[21] TestHSMBasic.frm - TRANSPILE FAILED
[22] TestMinimal.frm - TRANSPILED
    VALIDATION MISMATCH: expected='started', got='started
started'
[23] TestOneParam.frm - TRANSPILED
[24] TestStateVariables.frm - TRANSPILE FAILED
[25] TestStateVariablesDoc.frm - TRANSPILE FAILED
[26] TestSystemBasic.frm - TRANSPILED
[27] TestSystemParams.frm - TRANSPILED
[28] TestSystemsRstExamples.frm - TRANSPILE FAILED
[29] TransitionsTest.frm - TRANSPILE FAILED
[30] basic/basic.frm - TRANSPILE FAILED
[31] basic_transition_demo/basic_transition_demo.frm - TRANSPILE FAILED
[32] debug_self_call.frm - TRANSPILED
[33] debug_simple.frm - TRANSPILED
[34] enum_case/enum_case.frm - TRANSPILE FAILED
[35] event_handler/event_handler.frm - TRANSPILE FAILED
[36] forward_events/forward_events.frm - TRANSPILE FAILED
[37] hierarchical/hierarchical.frm - TRANSPILE FAILED
[38] history101/history101.frm - TRANSPILE FAILED
[39] history102/history102.frm - TRANSPILE FAILED
[40] history103/history103.frm - TRANSPILE FAILED
[41] history104/history104.frm - TRANSPILE FAILED
[42] history105/history105.frm - TRANSPILE FAILED
[43] scratch.frm - TRANSPILED
[44] services_basic.frm - TRANSPILE FAILED
[45] services_clean_exit.frm - TRANSPILE FAILED
[46] services_looper.frm - TRANSPILE FAILED
[47] services_looper_small.frm - TRANSPILE FAILED
[48] services_signal_machine.frm - TRANSPILE FAILED
[49] simple_handler_calls/simple_handler_calls.frm - TRANSPILE FAILED
[50] state_context/state_context.frm - TRANSPILE FAILED
[51] state_context_stack/state_context_stack.frm - TRANSPILE FAILED
[52] state_params/state_params.frm - TRANSPILE FAILED
[53] state_stack/state_stack.frm - TRANSPILE FAILED
[54] state_vars/state_vars.frm - TRANSPILE FAILED
[55] test_comprehensive_v0_20_features.frm - TRANSPILE FAILED
[56] test_debug.frm - TRANSPILED
[57] test_elif_with_return.frm - TRANSPILED
[58] test_empty_params.frm - TRANSPILED
[59] test_empty_params_validation.frm - TRANSPILE FAILED
[60] test_enum_basic.frm - TRANSPILED
[61] test_enums.frm - TRANSPILED
[62] test_enums_doc_calendar.frm - TRANSPILED
[63] test_enums_doc_fruitsystem.frm - TRANSPILED
[64] test_enums_doc_function.frm - TRANSPILED
[65] test_enums_doc_grocery_full.frm - TRANSPILED
[66] test_enums_doc_values.frm - TRANSPILED
[67] test_enums_simple.frm - TRANSPILED
[68] test_enums_terminator.frm - TRANSPILED
[69] test_forward_event.frm - TRANSPILED
[70] test_functions_basic.frm - TRANSPILED
[71] test_functions_event_handler.frm - TRANSPILED
[72] test_functions_simple.frm - TRANSPILED
[73] test_functions_with_system.frm - TRANSPILED
[74] test_history.frm - TRANSPILE FAILED
[75] test_if_elif_returns.frm - TRANSPILED
[76] test_if_simple.frm - TRANSPILED
[77] test_if_with_simple_stmt.frm - TRANSPILED
[78] test_keyword.frm - TRANSPILED
[79] test_minimal_call.frm - TRANSPILED
[80] test_mixed_returns.frm - TRANSPILED
[81] test_operations.frm - TRANSPILED
[82] test_parent_dispatch.frm - TRANSPILE FAILED
[83] test_parent_dispatch_complete.frm - TRANSPILE FAILED
[84] test_parent_transition_detection.frm - TRANSPILE FAILED
[85] test_python_style.frm - TRANSPILED
[86] test_return_assign.frm - TRANSPILED
[87] test_return_assign_actions.frm - TRANSPILED
[88] test_return_assign_event_handler.frm - TRANSPILED
[89] test_self_call.frm - TRANSPILED
[90] test_simple_call.frm - TRANSPILED
[91] test_simple_condition.frm - TRANSPILED
[92] test_simple_elif.frm - TRANSPILED
[93] test_state_parameters.frm - TRANSPILE FAILED
[94] test_states_simple.frm - TRANSPILE FAILED
[95] test_static_operations.frm - TRANSPILE FAILED
[96] test_transition_return.frm - TRANSPILE FAILED
[97] test_v030_edge_cases.frm - TRANSPILED
[98] test_v030_functions_only.frm - TRANSPILED
[99] test_v030_hierarchical_systems.frm - TRANSPILE FAILED
[100] test_v030_lifecycle_demo.frm - TRANSPILE FAILED
[101] test_v030_mixed_entities.frm - TRANSPILE FAILED
[102] test_v030_multi_system_basic.frm - TRANSPILE FAILED
[103] test_v030_system_lifecycle.frm - TRANSPILE FAILED
[104] test_v030_system_lifecycle_simple.frm - TRANSPILE FAILED
[105] test_v030_system_with_functions.frm - TRANSPILE FAILED
[106] test_v030_three_systems.frm - TRANSPILE FAILED
[107] transition/transition.frm - TRANSPILE FAILED
[108] transition_params/transition_params.frm - TRANSPILE FAILED
PYTEST: FAILED
